Using pre-set license
Built from '2020.2/release' branch; Version is '2020.2.2f1 (068178b99f32) revision 426360'; Using compiler version '192528614'; Build Type 'Release'
OS: 'Windows 10 Pro; OS build 19042.928; Version 2009; 64bit' Language: 'ru' Physical Memory: 16329 MB
BatchMode: 1, IsHumanControllingUs: 0, StartBugReporterOnCrash: 0, Is64bit: 1, IsPro: 0

 COMMAND LINE ARGUMENTS:
D:\Gamedev\2020.2.2f1\Editor\Unity.exe
-adb2
-batchMode
-noUpm
-name
AssetImportWorker0
-projectPath
D:/Gamedev/Projects/Test_Tasks
-logFile
Logs/AssetImportWorker0.log
-srvPort
51639
Successfully changed project path to: D:/Gamedev/Projects/Test_Tasks
D:/Gamedev/Projects/Test_Tasks
Using Asset Import Pipeline V2.
Refreshing native plugins compatible for Editor in 40.59 ms, found 0 plugins.
Preloading 0 native plugins for Editor in 0.00 ms.
Initialize engine version: 2020.2.2f1 (068178b99f32)
[Subsystems] Discovering subsystems at path D:/Gamedev/2020.2.2f1/Editor/Data/Resources/UnitySubsystems
[Subsystems] Discovering subsystems at path D:/Gamedev/Projects/Test_Tasks/Assets
GfxDevice: creating device client; threaded=0
Direct3D:
    Version:  Direct3D 11.0 [level 11.1]
    Renderer: NVIDIA GeForce GTX 1060 3GB (ID=0x1c02)
    Vendor:   
    VRAM:     2988 MB
    Driver:   27.21.14.5671
Initialize mono
Mono path[0] = 'D:/Gamedev/2020.2.2f1/Editor/Data/Managed'
Mono path[1] = 'D:/Gamedev/2020.2.2f1/Editor/Data/MonoBleedingEdge/lib/mono/unityjit'
Mono config path = 'D:/Gamedev/2020.2.2f1/Editor/Data/MonoBleedingEdge/etc'
Using monoOptions --debugger-agent=transport=dt_socket,embedding=1,server=y,suspend=n,address=127.0.0.1:56224
Begin MonoManager ReloadAssembly
Registering precompiled unity dll's ...
Register platform support module: D:/Gamedev/2020.2.2f1/Editor/Data/PlaybackEngines/WebGLSupport/UnityEditor.WebGL.Extensions.dll
Register platform support module: D:/Gamedev/2020.2.2f1/Editor/Data/PlaybackEngines/WindowsStandaloneSupport/UnityEditor.WindowsStandalone.Extensions.dll
Register platform support module: D:/Gamedev/2020.2.2f1/Editor/Data/PlaybackEngines/LinuxStandaloneSupport/UnityEditor.LinuxStandalone.Extensions.dll
Registered in 0.001783 seconds.
Native extension for LinuxStandalone target not found
Native extension for WindowsStandalone target not found
Native extension for WebGL target not found
Refreshing native plugins compatible for Editor in 32.39 ms, found 0 plugins.
Preloading 0 native plugins for Editor in 0.00 ms.
Invoked RoslynAnalysisRunner static constructor.
RoslynAnalysisRunner will not be running.
RoslynAnalysisRunner has terminated.
Mono: successfully reloaded assembly
- Completed reload, in  2.470 seconds
Platform modules already initialized, skipping
Registering precompiled user dll's ...
Registered in 0.000614 seconds.
Begin MonoManager ReloadAssembly
Native extension for LinuxStandalone target not found
Native extension for WindowsStandalone target not found
Native extension for WebGL target not found
Refreshing native plugins compatible for Editor in 0.27 ms, found 0 plugins.
Preloading 0 native plugins for Editor in 0.00 ms.
Invoked RoslynAnalysisRunner static constructor.
RoslynAnalysisRunner will not be running.
RoslynAnalysisRunner has terminated.
Mono: successfully reloaded assembly
- Completed reload, in  3.627 seconds
Platform modules already initialized, skipping
========================================================================
Worker process is ready to serve import requests
Launched and connected shader compiler UnityShaderCompiler.exe after 0.06 seconds
Refreshing native plugins compatible for Editor in 0.20 ms, found 0 plugins.
Preloading 0 native plugins for Editor in 0.00 ms.
Unloading 1099 Unused Serialized files (Serialized files now loaded: 0)
System memory in use before: 56.7 MB.
System memory in use after: 56.7 MB.

Unloading 10 unused Assets to reduce memory usage. Loaded Objects now: 1541.
Total: 3.423000 ms (FindLiveObjects: 0.253300 ms CreateObjectMapping: 0.058000 ms MarkObjects: 3.015800 ms  DeleteObjects: 0.093100 ms)

========================================================================
Received Import Request.
  path: Assets/Scenes/Task01.unity
  artifactKey: Guid(9fc0d4010bbf28b4594072e72b8655ab) Importer(815301076,1909f56bfc062723c751e8b465ee728b)
Start importing Assets/Scenes/Task01.unity using Guid(9fc0d4010bbf28b4594072e72b8655ab) Importer(815301076,1909f56bfc062723c751e8b465ee728b)  -> (artifact id: '62baa9efad37bd7a1038f41a5f965f5b') in 0.818887 seconds
  Import took 1.906000 seconds .

========================================================================
Received Import Request.
  Time since last request: 4.313209 seconds.
  path: Assets
  artifactKey: Guid(00000000000000001000000000000000) Importer(815301076,1909f56bfc062723c751e8b465ee728b)
Start importing Assets using Guid(00000000000000001000000000000000) Importer(815301076,1909f56bfc062723c751e8b465ee728b)  -> (artifact id: '4a6e520b92ccfc61bcfa21a7bcab8468') in 0.010854 seconds
  Import took 0.014881 seconds .

========================================================================
Received Import Request.
  Time since last request: 8.566998 seconds.
  path: Assets/Scripts
  artifactKey: Guid(f2227b7916d4b1d4182eac0ab50565d5) Importer(815301076,1909f56bfc062723c751e8b465ee728b)
Start importing Assets/Scripts using Guid(f2227b7916d4b1d4182eac0ab50565d5) Importer(815301076,1909f56bfc062723c751e8b465ee728b)  -> (artifact id: 'aa51ddf638894344745956fc3c82d520') in 0.010537 seconds
  Import took 0.012670 seconds .

========================================================================
Received Import Request.
  Time since last request: 19.183671 seconds.
  path: Assets/Scripts/Controller.cs
  artifactKey: Guid(4033ad39253bbd8469de7dfc7cca7a18) Importer(815301076,1909f56bfc062723c751e8b465ee728b)
Start importing Assets/Scripts/Controller.cs using Guid(4033ad39253bbd8469de7dfc7cca7a18) Importer(815301076,1909f56bfc062723c751e8b465ee728b)  -> (artifact id: 'b8d08955f1e00a83d8590b8e33dc4d88') in 1.080551 seconds
  Import took 1.083017 seconds .

========================================================================
Received Prepare
Registering precompiled user dll's ...
Registered in 0.000638 seconds.
Begin MonoManager ReloadAssembly
Native extension for LinuxStandalone target not found
Native extension for WindowsStandalone target not found
Native extension for WebGL target not found
Refreshing native plugins compatible for Editor in 0.21 ms, found 0 plugins.
Preloading 0 native plugins for Editor in 0.00 ms.
Invoked RoslynAnalysisRunner static constructor.
RoslynAnalysisRunner will not be running.
RoslynAnalysisRunner has terminated.
Mono: successfully reloaded assembly
- Completed reload, in  1.150 seconds
Platform modules already initialized, skipping
Refreshing native plugins compatible for Editor in 0.28 ms, found 0 plugins.
Preloading 0 native plugins for Editor in 0.00 ms.
Unloading 1095 Unused Serialized files (Serialized files now loaded: 0)
System memory in use before: 56.8 MB.
System memory in use after: 56.8 MB.

Unloading 5 unused Assets to reduce memory usage. Loaded Objects now: 1544.
Total: 1.578800 ms (FindLiveObjects: 0.130900 ms CreateObjectMapping: 0.049200 ms MarkObjects: 1.346600 ms  DeleteObjects: 0.051000 ms)

========================================================================
Received Import Request.
  Time since last request: 153.015280 seconds.
  path: Assets/Scripts/View.cs
  artifactKey: Guid(633982102490da34097adc18594c4c22) Importer(815301076,1909f56bfc062723c751e8b465ee728b)
Start importing Assets/Scripts/View.cs using Guid(633982102490da34097adc18594c4c22) Importer(815301076,1909f56bfc062723c751e8b465ee728b)  -> (artifact id: '7750ea6e6862c737f6566588e15c4889') in 0.015930 seconds
  Import took 0.024112 seconds .

========================================================================
Received Import Request.
  Time since last request: 0.005329 seconds.
  path: Assets/Scripts/View.cs
  artifactKey: Guid(633982102490da34097adc18594c4c22) Importer(815301076,1909f56bfc062723c751e8b465ee728b)
Start importing Assets/Scripts/View.cs using Guid(633982102490da34097adc18594c4c22) Importer(815301076,1909f56bfc062723c751e8b465ee728b)  -> (artifact id: '7750ea6e6862c737f6566588e15c4889') in 0.004185 seconds
  Import took 0.012859 seconds .

========================================================================
Received Prepare
Registering precompiled user dll's ...
Registered in 0.000559 seconds.
Begin MonoManager ReloadAssembly
Native extension for LinuxStandalone target not found
Native extension for WindowsStandalone target not found
Native extension for WebGL target not found
Refreshing native plugins compatible for Editor in 0.22 ms, found 0 plugins.
Preloading 0 native plugins for Editor in 0.00 ms.
Invoked RoslynAnalysisRunner static constructor.
RoslynAnalysisRunner will not be running.
RoslynAnalysisRunner has terminated.
Mono: successfully reloaded assembly
- Completed reload, in  0.971 seconds
Platform modules already initialized, skipping
Refreshing native plugins compatible for Editor in 0.22 ms, found 0 plugins.
Preloading 0 native plugins for Editor in 0.00 ms.
Unloading 1096 Unused Serialized files (Serialized files now loaded: 0)
System memory in use before: 56.9 MB.
System memory in use after: 56.9 MB.

Unloading 5 unused Assets to reduce memory usage. Loaded Objects now: 1547.
Total: 2.087500 ms (FindLiveObjects: 0.142700 ms CreateObjectMapping: 0.051400 ms MarkObjects: 1.832500 ms  DeleteObjects: 0.059400 ms)

========================================================================
Received Import Request.
  Time since last request: 5.775754 seconds.
  path: Assets/Scripts/NewBehaviourScript.cs
  artifactKey: Guid(2b61d74c808e61446b639cc7af507f8d) Importer(815301076,1909f56bfc062723c751e8b465ee728b)
Start importing Assets/Scripts/NewBehaviourScript.cs using Guid(2b61d74c808e61446b639cc7af507f8d) Importer(815301076,1909f56bfc062723c751e8b465ee728b)  -> (artifact id: '80577bdd55757722b0d88f66ee9f8dcb') in 0.008953 seconds
  Import took 0.011117 seconds .

========================================================================
Received Import Request.
  Time since last request: 0.000501 seconds.
  path: Assets/Scripts/NewBehaviourScript.cs
  artifactKey: Guid(2b61d74c808e61446b639cc7af507f8d) Importer(815301076,1909f56bfc062723c751e8b465ee728b)
Start importing Assets/Scripts/NewBehaviourScript.cs using Guid(2b61d74c808e61446b639cc7af507f8d) Importer(815301076,1909f56bfc062723c751e8b465ee728b)  -> (artifact id: '80577bdd55757722b0d88f66ee9f8dcb') in 0.006716 seconds
  Import took 0.008766 seconds .

========================================================================
Received Prepare
Registering precompiled user dll's ...
Registered in 0.000585 seconds.
Begin MonoManager ReloadAssembly
Native extension for LinuxStandalone target not found
Native extension for WindowsStandalone target not found
Native extension for WebGL target not found
Refreshing native plugins compatible for Editor in 0.23 ms, found 0 plugins.
Preloading 0 native plugins for Editor in 0.00 ms.
Invoked RoslynAnalysisRunner static constructor.
RoslynAnalysisRunner will not be running.
RoslynAnalysisRunner has terminated.
Mono: successfully reloaded assembly
- Completed reload, in  1.280 seconds
Platform modules already initialized, skipping
Refreshing native plugins compatible for Editor in 0.22 ms, found 0 plugins.
Preloading 0 native plugins for Editor in 0.00 ms.
Unloading 1097 Unused Serialized files (Serialized files now loaded: 0)
System memory in use before: 57.0 MB.
System memory in use after: 57.1 MB.

Unloading 5 unused Assets to reduce memory usage. Loaded Objects now: 1550.
Total: 1.519800 ms (FindLiveObjects: 0.128400 ms CreateObjectMapping: 0.046500 ms MarkObjects: 1.295500 ms  DeleteObjects: 0.048400 ms)

========================================================================
Received Prepare
Registering precompiled user dll's ...
Registered in 0.000562 seconds.
Begin MonoManager ReloadAssembly
Native extension for LinuxStandalone target not found
Native extension for WindowsStandalone target not found
Native extension for WebGL target not found
Refreshing native plugins compatible for Editor in 0.25 ms, found 0 plugins.
Preloading 0 native plugins for Editor in 0.00 ms.
Invoked RoslynAnalysisRunner static constructor.
RoslynAnalysisRunner will not be running.
RoslynAnalysisRunner has terminated.
Mono: successfully reloaded assembly
- Completed reload, in  3.172 seconds
Platform modules already initialized, skipping
Refreshing native plugins compatible for Editor in 0.42 ms, found 0 plugins.
Preloading 0 native plugins for Editor in 0.00 ms.
Unloading 1097 Unused Serialized files (Serialized files now loaded: 0)
System memory in use before: 57.1 MB.
System memory in use after: 57.1 MB.

Unloading 5 unused Assets to reduce memory usage. Loaded Objects now: 1552.
Total: 2.220800 ms (FindLiveObjects: 0.458700 ms CreateObjectMapping: 0.287800 ms MarkObjects: 1.401200 ms  DeleteObjects: 0.056200 ms)

========================================================================
Received Import Request.
  Time since last request: 90.589111 seconds.
  path: Assets/Scripts/Model.cs
  artifactKey: Guid(2b61d74c808e61446b639cc7af507f8d) Importer(815301076,1909f56bfc062723c751e8b465ee728b)
Start importing Assets/Scripts/Model.cs using Guid(2b61d74c808e61446b639cc7af507f8d) Importer(815301076,1909f56bfc062723c751e8b465ee728b)  -> (artifact id: '32b7af6537048d74f9338f13817b19db') in 0.009741 seconds
  Import took 0.016046 seconds .

========================================================================
Received Prepare
Registering precompiled user dll's ...
Registered in 0.000601 seconds.
Begin MonoManager ReloadAssembly
Native extension for LinuxStandalone target not found
Native extension for WindowsStandalone target not found
Native extension for WebGL target not found
Refreshing native plugins compatible for Editor in 0.21 ms, found 0 plugins.
Preloading 0 native plugins for Editor in 0.00 ms.
Invoked RoslynAnalysisRunner static constructor.
RoslynAnalysisRunner will not be running.
RoslynAnalysisRunner has terminated.
Mono: successfully reloaded assembly
- Completed reload, in  1.194 seconds
Platform modules already initialized, skipping
Refreshing native plugins compatible for Editor in 0.23 ms, found 0 plugins.
Preloading 0 native plugins for Editor in 0.00 ms.
Unloading 1097 Unused Serialized files (Serialized files now loaded: 0)
System memory in use before: 57.1 MB.
System memory in use after: 57.2 MB.

Unloading 5 unused Assets to reduce memory usage. Loaded Objects now: 1554.
Total: 1.743500 ms (FindLiveObjects: 0.138400 ms CreateObjectMapping: 0.052200 ms MarkObjects: 1.481400 ms  DeleteObjects: 0.055100 ms)

========================================================================
Received Import Request.
  Time since last request: 55.685966 seconds.
  path: Assets/Scripts/Controller.cs
  artifactKey: Guid(4033ad39253bbd8469de7dfc7cca7a18) Importer(815301076,1909f56bfc062723c751e8b465ee728b)
Start importing Assets/Scripts/Controller.cs using Guid(4033ad39253bbd8469de7dfc7cca7a18) Importer(815301076,1909f56bfc062723c751e8b465ee728b)  -> (artifact id: '9771ac11105f1ce12b98ea3fb6ec3dfc') in 0.004222 seconds
  Import took 0.006611 seconds .

========================================================================
Received Prepare
Registering precompiled user dll's ...
Registered in 0.000611 seconds.
Begin MonoManager ReloadAssembly
Native extension for LinuxStandalone target not found
Native extension for WindowsStandalone target not found
Native extension for WebGL target not found
Refreshing native plugins compatible for Editor in 0.22 ms, found 0 plugins.
Preloading 0 native plugins for Editor in 0.00 ms.
Invoked RoslynAnalysisRunner static constructor.
RoslynAnalysisRunner will not be running.
RoslynAnalysisRunner has terminated.
Mono: successfully reloaded assembly
- Completed reload, in  1.003 seconds
Platform modules already initialized, skipping
Refreshing native plugins compatible for Editor in 0.25 ms, found 0 plugins.
Preloading 0 native plugins for Editor in 0.00 ms.
Unloading 1097 Unused Serialized files (Serialized files now loaded: 0)
System memory in use before: 57.3 MB.
System memory in use after: 57.3 MB.

Unloading 5 unused Assets to reduce memory usage. Loaded Objects now: 1556.
Total: 1.662600 ms (FindLiveObjects: 0.148200 ms CreateObjectMapping: 0.050300 ms MarkObjects: 1.404900 ms  DeleteObjects: 0.057600 ms)

========================================================================
Received Import Request.
  Time since last request: 190.807460 seconds.
  path: Assets/Scripts/Controller.cs
  artifactKey: Guid(4033ad39253bbd8469de7dfc7cca7a18) Importer(815301076,1909f56bfc062723c751e8b465ee728b)
Start importing Assets/Scripts/Controller.cs using Guid(4033ad39253bbd8469de7dfc7cca7a18) Importer(815301076,1909f56bfc062723c751e8b465ee728b)  -> (artifact id: '09d8b7d5a6118ab293f9b4fa70ae6e93') in 0.013555 seconds
  Import took 0.016332 seconds .

========================================================================
Received Import Request.
  Time since last request: 20.187863 seconds.
  path: Assets/Scripts/GameManager.cs
  artifactKey: Guid(bbdb300e843f93d42a6fe46b176d2206) Importer(815301076,1909f56bfc062723c751e8b465ee728b)
Start importing Assets/Scripts/GameManager.cs using Guid(bbdb300e843f93d42a6fe46b176d2206) Importer(815301076,1909f56bfc062723c751e8b465ee728b)  -> (artifact id: '02d2cad8211a626375b48ae5a00d42c7') in 0.021726 seconds
  Import took 0.025555 seconds .

========================================================================
Received Prepare
Registering precompiled user dll's ...
Registered in 0.000602 seconds.
Begin MonoManager ReloadAssembly
Native extension for LinuxStandalone target not found
Native extension for WindowsStandalone target not found
Native extension for WebGL target not found
Refreshing native plugins compatible for Editor in 0.21 ms, found 0 plugins.
Preloading 0 native plugins for Editor in 0.00 ms.
Invoked RoslynAnalysisRunner static constructor.
RoslynAnalysisRunner will not be running.
RoslynAnalysisRunner has terminated.
Mono: successfully reloaded assembly
- Completed reload, in  1.041 seconds
Platform modules already initialized, skipping
Refreshing native plugins compatible for Editor in 0.21 ms, found 0 plugins.
Preloading 0 native plugins for Editor in 0.00 ms.
Unloading 1098 Unused Serialized files (Serialized files now loaded: 0)
System memory in use before: 57.4 MB.
System memory in use after: 57.4 MB.

Unloading 5 unused Assets to reduce memory usage. Loaded Objects now: 1559.
Total: 2.802800 ms (FindLiveObjects: 0.134400 ms CreateObjectMapping: 0.049000 ms MarkObjects: 2.454500 ms  DeleteObjects: 0.163000 ms)

========================================================================
Received Prepare
Registering precompiled user dll's ...
Registered in 0.000670 seconds.
Begin MonoManager ReloadAssembly
Native extension for LinuxStandalone target not found
Native extension for WindowsStandalone target not found
Native extension for WebGL target not found
Refreshing native plugins compatible for Editor in 0.22 ms, found 0 plugins.
Preloading 0 native plugins for Editor in 0.00 ms.
Invoked RoslynAnalysisRunner static constructor.
RoslynAnalysisRunner will not be running.
RoslynAnalysisRunner has terminated.
Mono: successfully reloaded assembly
- Completed reload, in  1.010 seconds
Platform modules already initialized, skipping
Refreshing native plugins compatible for Editor in 0.21 ms, found 0 plugins.
Preloading 0 native plugins for Editor in 0.00 ms.
Unloading 1098 Unused Serialized files (Serialized files now loaded: 0)
System memory in use before: 57.4 MB.
System memory in use after: 57.5 MB.

Unloading 5 unused Assets to reduce memory usage. Loaded Objects now: 1561.
Total: 1.671500 ms (FindLiveObjects: 0.137600 ms CreateObjectMapping: 0.046800 ms MarkObjects: 1.430000 ms  DeleteObjects: 0.055800 ms)

========================================================================
Received Prepare
Registering precompiled user dll's ...
Registered in 0.000582 seconds.
Begin MonoManager ReloadAssembly
Native extension for LinuxStandalone target not found
Native extension for WindowsStandalone target not found
Native extension for WebGL target not found
Refreshing native plugins compatible for Editor in 0.24 ms, found 0 plugins.
Preloading 0 native plugins for Editor in 0.00 ms.
Invoked RoslynAnalysisRunner static constructor.
RoslynAnalysisRunner will not be running.
RoslynAnalysisRunner has terminated.
Mono: successfully reloaded assembly
- Completed reload, in  0.943 seconds
Platform modules already initialized, skipping
Refreshing native plugins compatible for Editor in 0.22 ms, found 0 plugins.
Preloading 0 native plugins for Editor in 0.00 ms.
Unloading 1098 Unused Serialized files (Serialized files now loaded: 0)
System memory in use before: 57.5 MB.
System memory in use after: 57.6 MB.

Unloading 5 unused Assets to reduce memory usage. Loaded Objects now: 1563.
Total: 1.677500 ms (FindLiveObjects: 0.124600 ms CreateObjectMapping: 0.047200 ms MarkObjects: 1.450300 ms  DeleteObjects: 0.054100 ms)

========================================================================
Received Prepare
Registering precompiled user dll's ...
Registered in 0.000594 seconds.
Begin MonoManager ReloadAssembly
Native extension for LinuxStandalone target not found
Native extension for WindowsStandalone target not found
Native extension for WebGL target not found
Refreshing native plugins compatible for Editor in 0.22 ms, found 0 plugins.
Preloading 0 native plugins for Editor in 0.00 ms.
Invoked RoslynAnalysisRunner static constructor.
RoslynAnalysisRunner will not be running.
RoslynAnalysisRunner has terminated.
Mono: successfully reloaded assembly
- Completed reload, in  1.145 seconds
Platform modules already initialized, skipping
Refreshing native plugins compatible for Editor in 0.22 ms, found 0 plugins.
Preloading 0 native plugins for Editor in 0.00 ms.
Unloading 1098 Unused Serialized files (Serialized files now loaded: 0)
System memory in use before: 57.6 MB.
System memory in use after: 57.7 MB.

Unloading 5 unused Assets to reduce memory usage. Loaded Objects now: 1565.
Total: 1.584700 ms (FindLiveObjects: 0.145800 ms CreateObjectMapping: 0.046900 ms MarkObjects: 1.334900 ms  DeleteObjects: 0.055200 ms)

========================================================================
Received Prepare
Registering precompiled user dll's ...
Registered in 0.000596 seconds.
Begin MonoManager ReloadAssembly
Native extension for LinuxStandalone target not found
Native extension for WindowsStandalone target not found
Native extension for WebGL target not found
Refreshing native plugins compatible for Editor in 0.22 ms, found 0 plugins.
Preloading 0 native plugins for Editor in 0.00 ms.
Invoked RoslynAnalysisRunner static constructor.
RoslynAnalysisRunner will not be running.
RoslynAnalysisRunner has terminated.
Mono: successfully reloaded assembly
- Completed reload, in  0.962 seconds
Platform modules already initialized, skipping
Refreshing native plugins compatible for Editor in 0.57 ms, found 0 plugins.
Preloading 0 native plugins for Editor in 0.00 ms.
Unloading 1098 Unused Serialized files (Serialized files now loaded: 0)
System memory in use before: 57.7 MB.
System memory in use after: 57.7 MB.

Unloading 5 unused Assets to reduce memory usage. Loaded Objects now: 1567.
Total: 1.819500 ms (FindLiveObjects: 0.140000 ms CreateObjectMapping: 0.046700 ms MarkObjects: 1.571000 ms  DeleteObjects: 0.059900 ms)

========================================================================
Received Prepare
Registering precompiled user dll's ...
Registered in 0.002543 seconds.
Begin MonoManager ReloadAssembly
Native extension for LinuxStandalone target not found
Native extension for WindowsStandalone target not found
Native extension for WebGL target not found
Refreshing native plugins compatible for Editor in 0.21 ms, found 0 plugins.
Preloading 0 native plugins for Editor in 0.00 ms.
Invoked RoslynAnalysisRunner static constructor.
RoslynAnalysisRunner will not be running.
RoslynAnalysisRunner has terminated.
Mono: successfully reloaded assembly
- Completed reload, in  0.948 seconds
Platform modules already initialized, skipping
Refreshing native plugins compatible for Editor in 0.22 ms, found 0 plugins.
Preloading 0 native plugins for Editor in 0.00 ms.
Unloading 1098 Unused Serialized files (Serialized files now loaded: 0)
System memory in use before: 57.7 MB.
System memory in use after: 57.8 MB.

Unloading 5 unused Assets to reduce memory usage. Loaded Objects now: 1569.
Total: 2.035500 ms (FindLiveObjects: 0.143900 ms CreateObjectMapping: 0.047600 ms MarkObjects: 1.520600 ms  DeleteObjects: 0.058300 ms)

========================================================================
Received Prepare
Registering precompiled user dll's ...
Registered in 0.000591 seconds.
Begin MonoManager ReloadAssembly
Native extension for LinuxStandalone target not found
Native extension for WindowsStandalone target not found
Native extension for WebGL target not found
Refreshing native plugins compatible for Editor in 0.26 ms, found 0 plugins.
Preloading 0 native plugins for Editor in 0.00 ms.
Invoked RoslynAnalysisRunner static constructor.
RoslynAnalysisRunner will not be running.
RoslynAnalysisRunner has terminated.
Mono: successfully reloaded assembly
- Completed reload, in  0.968 seconds
Platform modules already initialized, skipping
Refreshing native plugins compatible for Editor in 0.22 ms, found 0 plugins.
Preloading 0 native plugins for Editor in 0.00 ms.
Unloading 1098 Unused Serialized files (Serialized files now loaded: 0)
System memory in use before: 57.8 MB.
System memory in use after: 57.9 MB.

Unloading 5 unused Assets to reduce memory usage. Loaded Objects now: 1571.
Total: 1.754700 ms (FindLiveObjects: 0.127200 ms CreateObjectMapping: 0.060000 ms MarkObjects: 1.516000 ms  DeleteObjects: 0.049900 ms)

========================================================================
Received Prepare
Registering precompiled user dll's ...
Registered in 0.000551 seconds.
Begin MonoManager ReloadAssembly
Native extension for LinuxStandalone target not found
Native extension for WindowsStandalone target not found
Native extension for WebGL target not found
Refreshing native plugins compatible for Editor in 0.23 ms, found 0 plugins.
Preloading 0 native plugins for Editor in 0.00 ms.
Invoked RoslynAnalysisRunner static constructor.
RoslynAnalysisRunner will not be running.
RoslynAnalysisRunner has terminated.
Mono: successfully reloaded assembly
- Completed reload, in  0.959 seconds
Platform modules already initialized, skipping
Refreshing native plugins compatible for Editor in 0.21 ms, found 0 plugins.
Preloading 0 native plugins for Editor in 0.00 ms.
Unloading 1098 Unused Serialized files (Serialized files now loaded: 0)
System memory in use before: 57.9 MB.
System memory in use after: 58.0 MB.

Unloading 5 unused Assets to reduce memory usage. Loaded Objects now: 1573.
Total: 1.623600 ms (FindLiveObjects: 0.135200 ms CreateObjectMapping: 0.046700 ms MarkObjects: 1.388000 ms  DeleteObjects: 0.052400 ms)

========================================================================
Received Prepare
Registering precompiled user dll's ...
Registered in 0.001649 seconds.
Begin MonoManager ReloadAssembly
Native extension for LinuxStandalone target not found
Native extension for WindowsStandalone target not found
Native extension for WebGL target not found
Refreshing native plugins compatible for Editor in 0.26 ms, found 0 plugins.
Preloading 0 native plugins for Editor in 0.00 ms.
Invoked RoslynAnalysisRunner static constructor.
RoslynAnalysisRunner will not be running.
RoslynAnalysisRunner has terminated.
Mono: successfully reloaded assembly
- Completed reload, in  0.965 seconds
Platform modules already initialized, skipping
Refreshing native plugins compatible for Editor in 0.26 ms, found 0 plugins.
Preloading 0 native plugins for Editor in 0.00 ms.
Unloading 1098 Unused Serialized files (Serialized files now loaded: 0)
System memory in use before: 58.0 MB.
System memory in use after: 58.1 MB.

Unloading 5 unused Assets to reduce memory usage. Loaded Objects now: 1575.
Total: 1.976700 ms (FindLiveObjects: 0.199100 ms CreateObjectMapping: 0.066400 ms MarkObjects: 1.640300 ms  DeleteObjects: 0.069100 ms)

========================================================================
Received Import Request.
  Time since last request: 1204.458682 seconds.
  path: Assets/Scripts/View.cs
  artifactKey: Guid(633982102490da34097adc18594c4c22) Importer(815301076,1909f56bfc062723c751e8b465ee728b)
Start importing Assets/Scripts/View.cs using Guid(633982102490da34097adc18594c4c22) Importer(815301076,1909f56bfc062723c751e8b465ee728b)  -> (artifact id: 'bf8e8ee1895983ad04b2c031ad77a924') in 0.012084 seconds
  Import took 0.014123 seconds .

========================================================================
Received Import Request.
  Time since last request: 0.003625 seconds.
  path: Assets/Scripts/View.cs
  artifactKey: Guid(633982102490da34097adc18594c4c22) Importer(815301076,1909f56bfc062723c751e8b465ee728b)
Start importing Assets/Scripts/View.cs using Guid(633982102490da34097adc18594c4c22) Importer(815301076,1909f56bfc062723c751e8b465ee728b)  -> (artifact id: 'bf8e8ee1895983ad04b2c031ad77a924') in 0.003903 seconds
  Import took 0.005823 seconds .

========================================================================
Received Import Request.
  Time since last request: 0.919230 seconds.
  path: Assets/Scripts/Model.cs
  artifactKey: Guid(2b61d74c808e61446b639cc7af507f8d) Importer(815301076,1909f56bfc062723c751e8b465ee728b)
Start importing Assets/Scripts/Model.cs using Guid(2b61d74c808e61446b639cc7af507f8d) Importer(815301076,1909f56bfc062723c751e8b465ee728b)  -> (artifact id: 'cb4c38d6d68fd78989d39a5d92a3fe52') in 0.008230 seconds
  Import took 0.029310 seconds .

========================================================================
Received Import Request.
  Time since last request: 0.509091 seconds.
  path: Assets/Scripts/GameManager.cs
  artifactKey: Guid(bbdb300e843f93d42a6fe46b176d2206) Importer(815301076,1909f56bfc062723c751e8b465ee728b)
Start importing Assets/Scripts/GameManager.cs using Guid(bbdb300e843f93d42a6fe46b176d2206) Importer(815301076,1909f56bfc062723c751e8b465ee728b)  -> (artifact id: '500436fc5764c6242cc2cbe4f3421765') in 0.003190 seconds
  Import took 0.005273 seconds .

========================================================================
Received Import Request.
  Time since last request: 0.000746 seconds.
  path: Assets/Scripts/GameManager.cs
  artifactKey: Guid(bbdb300e843f93d42a6fe46b176d2206) Importer(815301076,1909f56bfc062723c751e8b465ee728b)
Start importing Assets/Scripts/GameManager.cs using Guid(bbdb300e843f93d42a6fe46b176d2206) Importer(815301076,1909f56bfc062723c751e8b465ee728b)  -> (artifact id: '500436fc5764c6242cc2cbe4f3421765') in 0.003227 seconds
  Import took 0.005799 seconds .

========================================================================
Received Import Request.
  Time since last request: 12.363875 seconds.
  path: Assets/Scripts/Controller.cs
  artifactKey: Guid(4033ad39253bbd8469de7dfc7cca7a18) Importer(815301076,1909f56bfc062723c751e8b465ee728b)
Start importing Assets/Scripts/Controller.cs using Guid(4033ad39253bbd8469de7dfc7cca7a18) Importer(815301076,1909f56bfc062723c751e8b465ee728b)  -> (artifact id: '4f388ed69b2bbdcf03e45d5dfef60ec6') in 0.009194 seconds
  Import took 0.011819 seconds .

========================================================================
Received Import Request.
  Time since last request: 0.002410 seconds.
  path: Assets/Scripts/Controller.cs
  artifactKey: Guid(4033ad39253bbd8469de7dfc7cca7a18) Importer(815301076,1909f56bfc062723c751e8b465ee728b)
Start importing Assets/Scripts/Controller.cs using Guid(4033ad39253bbd8469de7dfc7cca7a18) Importer(815301076,1909f56bfc062723c751e8b465ee728b)  -> (artifact id: '4f388ed69b2bbdcf03e45d5dfef60ec6') in 0.004218 seconds
  Import took 0.006743 seconds .

========================================================================
Received Import Request.
  Time since last request: 5.392398 seconds.
  path: Assets/Scenes
  artifactKey: Guid(9fdfc65f9260cf04f82fb8dbf14fbf67) Importer(815301076,1909f56bfc062723c751e8b465ee728b)
Start importing Assets/Scenes using Guid(9fdfc65f9260cf04f82fb8dbf14fbf67) Importer(815301076,1909f56bfc062723c751e8b465ee728b)  -> (artifact id: 'b7092d9ed4df54b46656ce00248eb455') in 0.012805 seconds
  Import took 0.014738 seconds .

========================================================================
Received Import Request.
  Time since last request: 9.521313 seconds.
  path: Assets/Scenes/Task02.unity
  artifactKey: Guid(c293da1dadd8a56498e02520a9b6b86c) Importer(815301076,1909f56bfc062723c751e8b465ee728b)
Start importing Assets/Scenes/Task02.unity using Guid(c293da1dadd8a56498e02520a9b6b86c) Importer(815301076,1909f56bfc062723c751e8b465ee728b)  -> (artifact id: '99c2dc9eaa8ab8a948995147978d1537') in 0.021560 seconds
  Import took 0.023562 seconds .

========================================================================
Received Import Request.
  Time since last request: 715.701215 seconds.
  path: Assets/Scripts/Task01
  artifactKey: Guid(f2cb4f06a38a8db40988a35bf1532fd7) Importer(815301076,1909f56bfc062723c751e8b465ee728b)
Start importing Assets/Scripts/Task01 using Guid(f2cb4f06a38a8db40988a35bf1532fd7) Importer(815301076,1909f56bfc062723c751e8b465ee728b)  -> (artifact id: '1cbf9997018d2432574b22c627c52012') in 0.011786 seconds
  Import took 0.013991 seconds .

========================================================================
Received Import Request.
  Time since last request: 0.001441 seconds.
  path: Assets/Scripts/Task01
  artifactKey: Guid(f2cb4f06a38a8db40988a35bf1532fd7) Importer(815301076,1909f56bfc062723c751e8b465ee728b)
Start importing Assets/Scripts/Task01 using Guid(f2cb4f06a38a8db40988a35bf1532fd7) Importer(815301076,1909f56bfc062723c751e8b465ee728b)  -> (artifact id: '1cbf9997018d2432574b22c627c52012') in 0.030809 seconds
  Import took 0.032747 seconds .

========================================================================
Received Prepare
Registering precompiled user dll's ...
Registered in 0.000610 seconds.
Begin MonoManager ReloadAssembly
Native extension for LinuxStandalone target not found
Native extension for WindowsStandalone target not found
Native extension for WebGL target not found
Refreshing native plugins compatible for Editor in 0.22 ms, found 0 plugins.
Preloading 0 native plugins for Editor in 0.00 ms.
Invoked RoslynAnalysisRunner static constructor.
RoslynAnalysisRunner will not be running.
RoslynAnalysisRunner has terminated.
Mono: successfully reloaded assembly
- Completed reload, in  0.954 seconds
Platform modules already initialized, skipping
Refreshing native plugins compatible for Editor in 0.23 ms, found 0 plugins.
Preloading 0 native plugins for Editor in 0.00 ms.
Unloading 1098 Unused Serialized files (Serialized files now loaded: 0)
System memory in use before: 58.1 MB.
System memory in use after: 58.1 MB.

Unloading 5 unused Assets to reduce memory usage. Loaded Objects now: 1577.
Total: 1.715200 ms (FindLiveObjects: 0.146500 ms CreateObjectMapping: 0.053600 ms MarkObjects: 1.463100 ms  DeleteObjects: 0.050900 ms)

========================================================================
Received Import Request.
  Time since last request: 12.492091 seconds.
  path: Assets/Scripts/Task02
  artifactKey: Guid(808dc58d6afba454db099504343472fa) Importer(815301076,1909f56bfc062723c751e8b465ee728b)
Start importing Assets/Scripts/Task02 using Guid(808dc58d6afba454db099504343472fa) Importer(815301076,1909f56bfc062723c751e8b465ee728b)  -> (artifact id: '4f9a9b1616a67cad4a30acef4a53c0e3') in 0.009770 seconds
  Import took 0.011749 seconds .

========================================================================
Received Import Request.
  Time since last request: 0.008395 seconds.
  path: Assets/Scripts/Task02
  artifactKey: Guid(808dc58d6afba454db099504343472fa) Importer(815301076,1909f56bfc062723c751e8b465ee728b)
Start importing Assets/Scripts/Task02 using Guid(808dc58d6afba454db099504343472fa) Importer(815301076,1909f56bfc062723c751e8b465ee728b)  -> (artifact id: '4f9a9b1616a67cad4a30acef4a53c0e3') in 0.004618 seconds
  Import took 0.006680 seconds .

========================================================================
Received Import Request.
  Time since last request: 21.836688 seconds.
  path: Assets/Scripts/Task02/ObjectPooler.cs
  artifactKey: Guid(1a0104d3bd095244fa72670d431e5102) Importer(815301076,1909f56bfc062723c751e8b465ee728b)
Start importing Assets/Scripts/Task02/ObjectPooler.cs using Guid(1a0104d3bd095244fa72670d431e5102) Importer(815301076,1909f56bfc062723c751e8b465ee728b)  -> (artifact id: '0d86807917431c3fe528bb2851e08dcb') in 0.020348 seconds
  Import took 0.027480 seconds .

========================================================================
Received Prepare
Registering precompiled user dll's ...
Registered in 0.000562 seconds.
Begin MonoManager ReloadAssembly
Native extension for LinuxStandalone target not found
Native extension for WindowsStandalone target not found
Native extension for WebGL target not found
Refreshing native plugins compatible for Editor in 0.24 ms, found 0 plugins.
Preloading 0 native plugins for Editor in 0.00 ms.
Invoked RoslynAnalysisRunner static constructor.
RoslynAnalysisRunner will not be running.
RoslynAnalysisRunner has terminated.
Mono: successfully reloaded assembly
- Completed reload, in  1.127 seconds
Platform modules already initialized, skipping
Refreshing native plugins compatible for Editor in 0.23 ms, found 0 plugins.
Preloading 0 native plugins for Editor in 0.00 ms.
Unloading 1099 Unused Serialized files (Serialized files now loaded: 0)
System memory in use before: 58.2 MB.
System memory in use after: 58.2 MB.

Unloading 5 unused Assets to reduce memory usage. Loaded Objects now: 1580.
Total: 1.867900 ms (FindLiveObjects: 0.316400 ms CreateObjectMapping: 0.061800 ms MarkObjects: 1.402000 ms  DeleteObjects: 0.086100 ms)

========================================================================
Received Prepare
Registering precompiled user dll's ...
Registered in 0.000566 seconds.
Begin MonoManager ReloadAssembly
Native extension for LinuxStandalone target not found
Native extension for WindowsStandalone target not found
Native extension for WebGL target not found
Refreshing native plugins compatible for Editor in 0.22 ms, found 0 plugins.
Preloading 0 native plugins for Editor in 0.00 ms.
Invoked RoslynAnalysisRunner static constructor.
RoslynAnalysisRunner will not be running.
RoslynAnalysisRunner has terminated.
Mono: successfully reloaded assembly
- Completed reload, in  0.960 seconds
Platform modules already initialized, skipping
Refreshing native plugins compatible for Editor in 0.22 ms, found 0 plugins.
Preloading 0 native plugins for Editor in 0.00 ms.
Unloading 1099 Unused Serialized files (Serialized files now loaded: 0)
System memory in use before: 58.2 MB.
System memory in use after: 58.3 MB.

Unloading 5 unused Assets to reduce memory usage. Loaded Objects now: 1582.
Total: 1.731200 ms (FindLiveObjects: 0.145300 ms CreateObjectMapping: 0.053100 ms MarkObjects: 1.477900 ms  DeleteObjects: 0.053400 ms)

========================================================================
Received Import Request.
  Time since last request: 316.046816 seconds.
  path: Assets/Scripts/Task02/ObjectPooler.cs
  artifactKey: Guid(1a0104d3bd095244fa72670d431e5102) Importer(815301076,1909f56bfc062723c751e8b465ee728b)
Start importing Assets/Scripts/Task02/ObjectPooler.cs using Guid(1a0104d3bd095244fa72670d431e5102) Importer(815301076,1909f56bfc062723c751e8b465ee728b)  -> (artifact id: '00d1801a94f24bb6a0977b34b95f4d31') in 0.004618 seconds
  Import took 0.006590 seconds .

========================================================================
Received Import Request.
  Time since last request: 153.863290 seconds.
  path: Assets/Scripts/Task02/CubeShooter.cs
  artifactKey: Guid(ac31f3f992efe434f9d15d9441009476) Importer(815301076,1909f56bfc062723c751e8b465ee728b)
Start importing Assets/Scripts/Task02/CubeShooter.cs using Guid(ac31f3f992efe434f9d15d9441009476) Importer(815301076,1909f56bfc062723c751e8b465ee728b)  -> (artifact id: '8c8bfc1a83b268b2398d57f615ab3a25') in 0.014244 seconds
  Import took 0.019179 seconds .

========================================================================
Received Prepare
Registering precompiled user dll's ...
Registered in 0.000626 seconds.
Begin MonoManager ReloadAssembly
Native extension for LinuxStandalone target not found
Native extension for WindowsStandalone target not found
Native extension for WebGL target not found
Refreshing native plugins compatible for Editor in 0.23 ms, found 0 plugins.
Preloading 0 native plugins for Editor in 0.00 ms.
Invoked RoslynAnalysisRunner static constructor.
RoslynAnalysisRunner will not be running.
RoslynAnalysisRunner has terminated.
Mono: successfully reloaded assembly
- Completed reload, in  1.114 seconds
Platform modules already initialized, skipping
Refreshing native plugins compatible for Editor in 0.33 ms, found 0 plugins.
Preloading 0 native plugins for Editor in 0.00 ms.
Unloading 1100 Unused Serialized files (Serialized files now loaded: 0)
System memory in use before: 58.3 MB.
System memory in use after: 58.4 MB.

Unloading 5 unused Assets to reduce memory usage. Loaded Objects now: 1585.
Total: 1.948800 ms (FindLiveObjects: 0.179800 ms CreateObjectMapping: 0.049700 ms MarkObjects: 1.659400 ms  DeleteObjects: 0.057300 ms)

========================================================================
Received Prepare
Registering precompiled user dll's ...
Registered in 0.000580 seconds.
Begin MonoManager ReloadAssembly
Native extension for LinuxStandalone target not found
Native extension for WindowsStandalone target not found
Native extension for WebGL target not found
Refreshing native plugins compatible for Editor in 0.23 ms, found 0 plugins.
Preloading 0 native plugins for Editor in 0.00 ms.
Invoked RoslynAnalysisRunner static constructor.
RoslynAnalysisRunner will not be running.
RoslynAnalysisRunner has terminated.
Mono: successfully reloaded assembly
- Completed reload, in  0.947 seconds
Platform modules already initialized, skipping
Refreshing native plugins compatible for Editor in 0.22 ms, found 0 plugins.
Preloading 0 native plugins for Editor in 0.00 ms.
Unloading 1100 Unused Serialized files (Serialized files now loaded: 0)
System memory in use before: 58.4 MB.
System memory in use after: 58.5 MB.

Unloading 5 unused Assets to reduce memory usage. Loaded Objects now: 1587.
Total: 1.587400 ms (FindLiveObjects: 0.140600 ms CreateObjectMapping: 0.046200 ms MarkObjects: 1.349300 ms  DeleteObjects: 0.050300 ms)

========================================================================
Received Prepare
Registering precompiled user dll's ...
Registered in 0.000610 seconds.
Begin MonoManager ReloadAssembly
Native extension for LinuxStandalone target not found
Native extension for WindowsStandalone target not found
Native extension for WebGL target not found
Refreshing native plugins compatible for Editor in 0.22 ms, found 0 plugins.
Preloading 0 native plugins for Editor in 0.00 ms.
Invoked RoslynAnalysisRunner static constructor.
RoslynAnalysisRunner will not be running.
RoslynAnalysisRunner has terminated.
Mono: successfully reloaded assembly
- Completed reload, in  1.023 seconds
Platform modules already initialized, skipping
Refreshing native plugins compatible for Editor in 0.21 ms, found 0 plugins.
Preloading 0 native plugins for Editor in 0.00 ms.
Unloading 1100 Unused Serialized files (Serialized files now loaded: 0)
System memory in use before: 58.5 MB.
System memory in use after: 58.6 MB.

Unloading 5 unused Assets to reduce memory usage. Loaded Objects now: 1589.
Total: 1.770800 ms (FindLiveObjects: 0.270100 ms CreateObjectMapping: 0.056400 ms MarkObjects: 1.382500 ms  DeleteObjects: 0.052700 ms)

========================================================================
Received Prepare
Registering precompiled user dll's ...
Registered in 0.000716 seconds.
Begin MonoManager ReloadAssembly
Native extension for LinuxStandalone target not found
Native extension for WindowsStandalone target not found
Native extension for WebGL target not found
Refreshing native plugins compatible for Editor in 0.22 ms, found 0 plugins.
Preloading 0 native plugins for Editor in 0.00 ms.
Invoked RoslynAnalysisRunner static constructor.
RoslynAnalysisRunner will not be running.
RoslynAnalysisRunner has terminated.
Mono: successfully reloaded assembly
- Completed reload, in  0.947 seconds
Platform modules already initialized, skipping
Refreshing native plugins compatible for Editor in 0.22 ms, found 0 plugins.
Preloading 0 native plugins for Editor in 0.00 ms.
Unloading 1100 Unused Serialized files (Serialized files now loaded: 0)
System memory in use before: 58.6 MB.
System memory in use after: 58.6 MB.

Unloading 5 unused Assets to reduce memory usage. Loaded Objects now: 1591.
Total: 1.958500 ms (FindLiveObjects: 0.137000 ms CreateObjectMapping: 0.044900 ms MarkObjects: 1.721500 ms  DeleteObjects: 0.053500 ms)

========================================================================
Received Prepare
Registering precompiled user dll's ...
Registered in 0.000628 seconds.
Begin MonoManager ReloadAssembly
Native extension for LinuxStandalone target not found
Native extension for WindowsStandalone target not found
Native extension for WebGL target not found
Refreshing native plugins compatible for Editor in 0.24 ms, found 0 plugins.
Preloading 0 native plugins for Editor in 0.00 ms.
Invoked RoslynAnalysisRunner static constructor.
RoslynAnalysisRunner will not be running.
RoslynAnalysisRunner has terminated.
Mono: successfully reloaded assembly
- Completed reload, in  1.117 seconds
Platform modules already initialized, skipping
Refreshing native plugins compatible for Editor in 0.21 ms, found 0 plugins.
Preloading 0 native plugins for Editor in 0.00 ms.
Unloading 1100 Unused Serialized files (Serialized files now loaded: 0)
System memory in use before: 58.6 MB.
System memory in use after: 58.7 MB.

Unloading 5 unused Assets to reduce memory usage. Loaded Objects now: 1593.
Total: 1.673300 ms (FindLiveObjects: 0.149500 ms CreateObjectMapping: 0.047300 ms MarkObjects: 1.425200 ms  DeleteObjects: 0.049800 ms)

========================================================================
Received Import Request.
  Time since last request: 365.113358 seconds.
  path: Assets/Task02
  artifactKey: Guid(e9e49502c4e01e947b44ffcff3f358e7) Importer(815301076,1909f56bfc062723c751e8b465ee728b)
Start importing Assets/Task02 using Guid(e9e49502c4e01e947b44ffcff3f358e7) Importer(815301076,1909f56bfc062723c751e8b465ee728b)  -> (artifact id: '616fe3f9206d69ff362d6464abd34638') in 0.007340 seconds
  Import took 0.009352 seconds .

========================================================================
Received Prepare
Registering precompiled user dll's ...
Registered in 0.000617 seconds.
Begin MonoManager ReloadAssembly
Native extension for LinuxStandalone target not found
Native extension for WindowsStandalone target not found
Native extension for WebGL target not found
Refreshing native plugins compatible for Editor in 0.24 ms, found 0 plugins.
Preloading 0 native plugins for Editor in 0.00 ms.
Invoked RoslynAnalysisRunner static constructor.
RoslynAnalysisRunner will not be running.
RoslynAnalysisRunner has terminated.
Mono: successfully reloaded assembly
- Completed reload, in  0.952 seconds
Platform modules already initialized, skipping
Refreshing native plugins compatible for Editor in 0.21 ms, found 0 plugins.
Preloading 0 native plugins for Editor in 0.00 ms.
Unloading 1100 Unused Serialized files (Serialized files now loaded: 0)
System memory in use before: 58.7 MB.
System memory in use after: 58.7 MB.

Unloading 5 unused Assets to reduce memory usage. Loaded Objects now: 1595.
Total: 1.756500 ms (FindLiveObjects: 0.165200 ms CreateObjectMapping: 0.061000 ms MarkObjects: 1.479000 ms  DeleteObjects: 0.050100 ms)

========================================================================
Received Import Request.
  Time since last request: 25.669161 seconds.
  path: Assets/Task02/Scripts
  artifactKey: Guid(808dc58d6afba454db099504343472fa) Importer(815301076,1909f56bfc062723c751e8b465ee728b)
Start importing Assets/Task02/Scripts using Guid(808dc58d6afba454db099504343472fa) Importer(815301076,1909f56bfc062723c751e8b465ee728b)  -> (artifact id: '99502ae9f482c4789867db5d30d38da6') in 0.015580 seconds
  Import took 0.066789 seconds .

========================================================================
Received Prepare
Registering precompiled user dll's ...
Registered in 0.000567 seconds.
Begin MonoManager ReloadAssembly
Native extension for LinuxStandalone target not found
Native extension for WindowsStandalone target not found
Native extension for WebGL target not found
Refreshing native plugins compatible for Editor in 0.22 ms, found 0 plugins.
Preloading 0 native plugins for Editor in 0.00 ms.
Invoked RoslynAnalysisRunner static constructor.
RoslynAnalysisRunner will not be running.
RoslynAnalysisRunner has terminated.
Mono: successfully reloaded assembly
- Completed reload, in  1.054 seconds
Platform modules already initialized, skipping
Refreshing native plugins compatible for Editor in 0.22 ms, found 0 plugins.
Preloading 0 native plugins for Editor in 0.00 ms.
Unloading 1100 Unused Serialized files (Serialized files now loaded: 0)
System memory in use before: 58.8 MB.
System memory in use after: 58.9 MB.

Unloading 5 unused Assets to reduce memory usage. Loaded Objects now: 1597.
Total: 1.644000 ms (FindLiveObjects: 0.160100 ms CreateObjectMapping: 0.061200 ms MarkObjects: 1.367200 ms  DeleteObjects: 0.053900 ms)

========================================================================
Received Import Request.
  Time since last request: 11.842066 seconds.
  path: Assets/Task02/Scripts/CubeShooter.cs
  artifactKey: Guid(ac31f3f992efe434f9d15d9441009476) Importer(815301076,1909f56bfc062723c751e8b465ee728b)
Start importing Assets/Task02/Scripts/CubeShooter.cs using Guid(ac31f3f992efe434f9d15d9441009476) Importer(815301076,1909f56bfc062723c751e8b465ee728b)  -> (artifact id: '685a9980608ff17e550789a672902743') in 0.006371 seconds
  Import took 0.008593 seconds .

========================================================================
Received Import Request.
  Time since last request: 0.002428 seconds.
  path: Assets/Task02/Scripts/CubeShooter.cs
  artifactKey: Guid(ac31f3f992efe434f9d15d9441009476) Importer(815301076,1909f56bfc062723c751e8b465ee728b)
Start importing Assets/Task02/Scripts/CubeShooter.cs using Guid(ac31f3f992efe434f9d15d9441009476) Importer(815301076,1909f56bfc062723c751e8b465ee728b)  -> (artifact id: '685a9980608ff17e550789a672902743') in 0.004030 seconds
  Import took 0.006005 seconds .

========================================================================
Received Import Request.
  Time since last request: 10.777092 seconds.
  path: Assets/Task02/Scripts/CubeController.cs
  artifactKey: Guid(bb706aa948adcce4aa6798c0a1700036) Importer(815301076,1909f56bfc062723c751e8b465ee728b)
Start importing Assets/Task02/Scripts/CubeController.cs using Guid(bb706aa948adcce4aa6798c0a1700036) Importer(815301076,1909f56bfc062723c751e8b465ee728b)  -> (artifact id: '6cb8afaa85faccf00c32884bec7173cb') in 0.018728 seconds
  Import took 0.021959 seconds .

========================================================================
Received Prepare
Registering precompiled user dll's ...
Registered in 0.000721 seconds.
Begin MonoManager ReloadAssembly
Native extension for LinuxStandalone target not found
Native extension for WindowsStandalone target not found
Native extension for WebGL target not found
Refreshing native plugins compatible for Editor in 0.21 ms, found 0 plugins.
Preloading 0 native plugins for Editor in 0.00 ms.
Invoked RoslynAnalysisRunner static constructor.
RoslynAnalysisRunner will not be running.
RoslynAnalysisRunner has terminated.
Mono: successfully reloaded assembly
- Completed reload, in  0.964 seconds
Platform modules already initialized, skipping
Refreshing native plugins compatible for Editor in 0.21 ms, found 0 plugins.
Preloading 0 native plugins for Editor in 0.00 ms.
Unloading 1101 Unused Serialized files (Serialized files now loaded: 0)
System memory in use before: 58.9 MB.
System memory in use after: 59.0 MB.

Unloading 5 unused Assets to reduce memory usage. Loaded Objects now: 1600.
Total: 1.640400 ms (FindLiveObjects: 0.131500 ms CreateObjectMapping: 0.046000 ms MarkObjects: 1.412500 ms  DeleteObjects: 0.049000 ms)

========================================================================
Received Prepare
Registering precompiled user dll's ...
Registered in 0.000587 seconds.
Begin MonoManager ReloadAssembly
Native extension for LinuxStandalone target not found
Native extension for WindowsStandalone target not found
Native extension for WebGL target not found
Refreshing native plugins compatible for Editor in 0.24 ms, found 0 plugins.
Preloading 0 native plugins for Editor in 0.00 ms.
Invoked RoslynAnalysisRunner static constructor.
RoslynAnalysisRunner will not be running.
RoslynAnalysisRunner has terminated.
Mono: successfully reloaded assembly
- Completed reload, in  0.951 seconds
Platform modules already initialized, skipping
Refreshing native plugins compatible for Editor in 0.21 ms, found 0 plugins.
Preloading 0 native plugins for Editor in 0.00 ms.
Unloading 1101 Unused Serialized files (Serialized files now loaded: 0)
System memory in use before: 58.9 MB.
System memory in use after: 59.0 MB.

Unloading 5 unused Assets to reduce memory usage. Loaded Objects now: 1602.
Total: 1.751000 ms (FindLiveObjects: 0.145800 ms CreateObjectMapping: 0.046200 ms MarkObjects: 1.503300 ms  DeleteObjects: 0.054500 ms)

========================================================================
Received Prepare
Registering precompiled user dll's ...
Registered in 0.000528 seconds.
Begin MonoManager ReloadAssembly
Native extension for LinuxStandalone target not found
Native extension for WindowsStandalone target not found
Native extension for WebGL target not found
Refreshing native plugins compatible for Editor in 0.22 ms, found 0 plugins.
Preloading 0 native plugins for Editor in 0.00 ms.
Invoked RoslynAnalysisRunner static constructor.
RoslynAnalysisRunner will not be running.
RoslynAnalysisRunner has terminated.
Mono: successfully reloaded assembly
- Completed reload, in  1.007 seconds
Platform modules already initialized, skipping
Refreshing native plugins compatible for Editor in 0.22 ms, found 0 plugins.
Preloading 0 native plugins for Editor in 0.00 ms.
Unloading 1101 Unused Serialized files (Serialized files now loaded: 0)
System memory in use before: 58.1 MB.
System memory in use after: 58.1 MB.

Unloading 5 unused Assets to reduce memory usage. Loaded Objects now: 1604.
Total: 1.691500 ms (FindLiveObjects: 0.139500 ms CreateObjectMapping: 0.044800 ms MarkObjects: 1.456200 ms  DeleteObjects: 0.049700 ms)

========================================================================
Received Import Request.
  Time since last request: 642.157881 seconds.
  path: Assets/Task02/Prefabs
  artifactKey: Guid(8da49c520a73ea34588f04a4e42f6c77) Importer(815301076,1909f56bfc062723c751e8b465ee728b)
Start importing Assets/Task02/Prefabs using Guid(8da49c520a73ea34588f04a4e42f6c77) Importer(815301076,1909f56bfc062723c751e8b465ee728b)  -> (artifact id: '225c56ca8d0a8931f899ebfce1058c0b') in 0.012349 seconds
  Import took 0.015825 seconds .

========================================================================
Received Import Request.
  Time since last request: 0.000625 seconds.
  path: Assets/Task02/Prefabs
  artifactKey: Guid(8da49c520a73ea34588f04a4e42f6c77) Importer(815301076,1909f56bfc062723c751e8b465ee728b)
Start importing Assets/Task02/Prefabs using Guid(8da49c520a73ea34588f04a4e42f6c77) Importer(815301076,1909f56bfc062723c751e8b465ee728b)  -> (artifact id: '225c56ca8d0a8931f899ebfce1058c0b') in 0.007840 seconds
  Import took 0.010268 seconds .

========================================================================
Received Import Request.
  Time since last request: 3.157675 seconds.
  path: Assets/Task02/Prefabs/CubePrefab.prefab
  artifactKey: Guid(d10315110560e044c9466cc6d8813f97) Importer(815301076,1909f56bfc062723c751e8b465ee728b)
Start importing Assets/Task02/Prefabs/CubePrefab.prefab using Guid(d10315110560e044c9466cc6d8813f97) Importer(815301076,1909f56bfc062723c751e8b465ee728b)  -> (artifact id: '59b3b4642321eca6af2bacfede3d45d9') in 0.239190 seconds
  Import took 0.241490 seconds .

========================================================================
Received Prepare
Registering precompiled user dll's ...
Registered in 0.000578 seconds.
Begin MonoManager ReloadAssembly
Native extension for LinuxStandalone target not found
Native extension for WindowsStandalone target not found
Native extension for WebGL target not found
Refreshing native plugins compatible for Editor in 0.21 ms, found 0 plugins.
Preloading 0 native plugins for Editor in 0.00 ms.
Invoked RoslynAnalysisRunner static constructor.
RoslynAnalysisRunner will not be running.
RoslynAnalysisRunner has terminated.
Mono: successfully reloaded assembly
- Completed reload, in  1.288 seconds
Platform modules already initialized, skipping
Refreshing native plugins compatible for Editor in 0.25 ms, found 0 plugins.
Preloading 0 native plugins for Editor in 0.00 ms.
Unloading 1101 Unused Serialized files (Serialized files now loaded: 0)
System memory in use before: 61.3 MB.
System memory in use after: 61.4 MB.

Unloading 6 unused Assets to reduce memory usage. Loaded Objects now: 1614.
Total: 1.780800 ms (FindLiveObjects: 0.242800 ms CreateObjectMapping: 0.057500 ms MarkObjects: 1.420900 ms  DeleteObjects: 0.057900 ms)

========================================================================
Received Import Request.
  Time since last request: 544.946684 seconds.
  path: Assets/Task02/Prefabs/CubePrefab.prefab
  artifactKey: Guid(d10315110560e044c9466cc6d8813f97) Importer(815301076,1909f56bfc062723c751e8b465ee728b)
Start importing Assets/Task02/Prefabs/CubePrefab.prefab using Guid(d10315110560e044c9466cc6d8813f97) Importer(815301076,1909f56bfc062723c751e8b465ee728b)  -> (artifact id: '80e49ad70dcb0b2353c9057be22545f6') in 0.084217 seconds
  Import took 0.086924 seconds .

========================================================================
Received Prepare
Registering precompiled user dll's ...
Registered in 0.000824 seconds.
Begin MonoManager ReloadAssembly
Native extension for LinuxStandalone target not found
Native extension for WindowsStandalone target not found
Native extension for WebGL target not found
Refreshing native plugins compatible for Editor in 0.22 ms, found 0 plugins.
Preloading 0 native plugins for Editor in 0.00 ms.
Invoked RoslynAnalysisRunner static constructor.
RoslynAnalysisRunner will not be running.
RoslynAnalysisRunner has terminated.
Mono: successfully reloaded assembly
- Completed reload, in  1.328 seconds
Platform modules already initialized, skipping
Refreshing native plugins compatible for Editor in 0.22 ms, found 0 plugins.
Preloading 0 native plugins for Editor in 0.00 ms.
Unloading 1101 Unused Serialized files (Serialized files now loaded: 0)
System memory in use before: 61.4 MB.
System memory in use after: 61.5 MB.

Unloading 6 unused Assets to reduce memory usage. Loaded Objects now: 1617.
Total: 3.570300 ms (FindLiveObjects: 0.174600 ms CreateObjectMapping: 0.048200 ms MarkObjects: 3.281300 ms  DeleteObjects: 0.064000 ms)

========================================================================
Received Prepare
Registering precompiled user dll's ...
Registered in 0.000588 seconds.
Begin MonoManager ReloadAssembly
Native extension for LinuxStandalone target not found
Native extension for WindowsStandalone target not found
Native extension for WebGL target not found
Refreshing native plugins compatible for Editor in 0.24 ms, found 0 plugins.
Preloading 0 native plugins for Editor in 0.00 ms.
Invoked RoslynAnalysisRunner static constructor.
RoslynAnalysisRunner will not be running.
RoslynAnalysisRunner has terminated.
Mono: successfully reloaded assembly
- Completed reload, in  1.110 seconds
Platform modules already initialized, skipping
Refreshing native plugins compatible for Editor in 0.31 ms, found 0 plugins.
Preloading 0 native plugins for Editor in 0.00 ms.
Unloading 1101 Unused Serialized files (Serialized files now loaded: 0)
System memory in use before: 61.5 MB.
System memory in use after: 61.6 MB.

Unloading 5 unused Assets to reduce memory usage. Loaded Objects now: 1619.
Total: 3.134100 ms (FindLiveObjects: 0.314900 ms CreateObjectMapping: 0.050900 ms MarkObjects: 2.686500 ms  DeleteObjects: 0.079900 ms)

========================================================================
Received Prepare
Registering precompiled user dll's ...
Registered in 0.000644 seconds.
Begin MonoManager ReloadAssembly
Native extension for LinuxStandalone target not found
Native extension for WindowsStandalone target not found
Native extension for WebGL target not found
Refreshing native plugins compatible for Editor in 0.23 ms, found 0 plugins.
Preloading 0 native plugins for Editor in 0.00 ms.
Invoked RoslynAnalysisRunner static constructor.
RoslynAnalysisRunner will not be running.
RoslynAnalysisRunner has terminated.
Mono: successfully reloaded assembly
- Completed reload, in  0.965 seconds
Platform modules already initialized, skipping
Refreshing native plugins compatible for Editor in 0.22 ms, found 0 plugins.
Preloading 0 native plugins for Editor in 0.00 ms.
Unloading 1101 Unused Serialized files (Serialized files now loaded: 0)
System memory in use before: 61.6 MB.
System memory in use after: 61.7 MB.

Unloading 5 unused Assets to reduce memory usage. Loaded Objects now: 1621.
Total: 1.675600 ms (FindLiveObjects: 0.135300 ms CreateObjectMapping: 0.044000 ms MarkObjects: 1.437900 ms  DeleteObjects: 0.057100 ms)

========================================================================
Received Prepare
Registering precompiled user dll's ...
Registered in 0.000576 seconds.
Begin MonoManager ReloadAssembly
Native extension for LinuxStandalone target not found
Native extension for WindowsStandalone target not found
Native extension for WebGL target not found
Refreshing native plugins compatible for Editor in 0.22 ms, found 0 plugins.
Preloading 0 native plugins for Editor in 0.00 ms.
Invoked RoslynAnalysisRunner static constructor.
RoslynAnalysisRunner will not be running.
RoslynAnalysisRunner has terminated.
Mono: successfully reloaded assembly
- Completed reload, in  0.982 seconds
Platform modules already initialized, skipping
Refreshing native plugins compatible for Editor in 0.22 ms, found 0 plugins.
Preloading 0 native plugins for Editor in 0.00 ms.
Unloading 1101 Unused Serialized files (Serialized files now loaded: 0)
System memory in use before: 61.7 MB.
System memory in use after: 61.8 MB.

Unloading 5 unused Assets to reduce memory usage. Loaded Objects now: 1623.
Total: 1.777300 ms (FindLiveObjects: 0.173400 ms CreateObjectMapping: 0.053000 ms MarkObjects: 1.488600 ms  DeleteObjects: 0.060600 ms)

========================================================================
Received Prepare
Registering precompiled user dll's ...
Registered in 0.000605 seconds.
Begin MonoManager ReloadAssembly
Native extension for LinuxStandalone target not found
Native extension for WindowsStandalone target not found
Native extension for WebGL target not found
Refreshing native plugins compatible for Editor in 0.22 ms, found 0 plugins.
Preloading 0 native plugins for Editor in 0.00 ms.
Invoked RoslynAnalysisRunner static constructor.
RoslynAnalysisRunner will not be running.
RoslynAnalysisRunner has terminated.
Mono: successfully reloaded assembly
- Completed reload, in  0.937 seconds
Platform modules already initialized, skipping
Refreshing native plugins compatible for Editor in 0.26 ms, found 0 plugins.
Preloading 0 native plugins for Editor in 0.00 ms.
Unloading 1101 Unused Serialized files (Serialized files now loaded: 0)
System memory in use before: 61.8 MB.
System memory in use after: 61.9 MB.

Unloading 5 unused Assets to reduce memory usage. Loaded Objects now: 1625.
Total: 1.888800 ms (FindLiveObjects: 0.208800 ms CreateObjectMapping: 0.047900 ms MarkObjects: 1.566300 ms  DeleteObjects: 0.064100 ms)

========================================================================
Received Prepare
Registering precompiled user dll's ...
Registered in 0.000564 seconds.
Begin MonoManager ReloadAssembly
Native extension for LinuxStandalone target not found
Native extension for WindowsStandalone target not found
Native extension for WebGL target not found
Refreshing native plugins compatible for Editor in 0.22 ms, found 0 plugins.
Preloading 0 native plugins for Editor in 0.00 ms.
Invoked RoslynAnalysisRunner static constructor.
RoslynAnalysisRunner will not be running.
RoslynAnalysisRunner has terminated.
Mono: successfully reloaded assembly
- Completed reload, in  0.944 seconds
Platform modules already initialized, skipping
Refreshing native plugins compatible for Editor in 0.21 ms, found 0 plugins.
Preloading 0 native plugins for Editor in 0.00 ms.
Unloading 1101 Unused Serialized files (Serialized files now loaded: 0)
System memory in use before: 61.9 MB.
System memory in use after: 62.0 MB.

Unloading 5 unused Assets to reduce memory usage. Loaded Objects now: 1627.
Total: 1.751400 ms (FindLiveObjects: 0.156300 ms CreateObjectMapping: 0.049800 ms MarkObjects: 1.484400 ms  DeleteObjects: 0.059500 ms)

========================================================================
Received Prepare
Registering precompiled user dll's ...
Registered in 0.000661 seconds.
Begin MonoManager ReloadAssembly
Native extension for LinuxStandalone target not found
Native extension for WindowsStandalone target not found
Native extension for WebGL target not found
Refreshing native plugins compatible for Editor in 0.22 ms, found 0 plugins.
Preloading 0 native plugins for Editor in 0.00 ms.
Invoked RoslynAnalysisRunner static constructor.
RoslynAnalysisRunner will not be running.
RoslynAnalysisRunner has terminated.
Mono: successfully reloaded assembly
- Completed reload, in  1.178 seconds
Platform modules already initialized, skipping
Refreshing native plugins compatible for Editor in 0.41 ms, found 0 plugins.
Preloading 0 native plugins for Editor in 0.00 ms.
Unloading 1101 Unused Serialized files (Serialized files now loaded: 0)
System memory in use before: 62.0 MB.
System memory in use after: 62.0 MB.

Unloading 5 unused Assets to reduce memory usage. Loaded Objects now: 1629.
Total: 1.772900 ms (FindLiveObjects: 0.147700 ms CreateObjectMapping: 0.078500 ms MarkObjects: 1.481900 ms  DeleteObjects: 0.063100 ms)

========================================================================
Received Prepare
Registering precompiled user dll's ...
Registered in 0.000551 seconds.
Begin MonoManager ReloadAssembly
Native extension for LinuxStandalone target not found
Native extension for WindowsStandalone target not found
Native extension for WebGL target not found
Refreshing native plugins compatible for Editor in 0.25 ms, found 0 plugins.
Preloading 0 native plugins for Editor in 0.00 ms.
Invoked RoslynAnalysisRunner static constructor.
RoslynAnalysisRunner will not be running.
RoslynAnalysisRunner has terminated.
Mono: successfully reloaded assembly
- Completed reload, in  0.940 seconds
Platform modules already initialized, skipping
Refreshing native plugins compatible for Editor in 0.22 ms, found 0 plugins.
Preloading 0 native plugins for Editor in 0.00 ms.
Unloading 1101 Unused Serialized files (Serialized files now loaded: 0)
System memory in use before: 62.1 MB.
System memory in use after: 62.1 MB.

Unloading 5 unused Assets to reduce memory usage. Loaded Objects now: 1631.
Total: 1.783100 ms (FindLiveObjects: 0.147500 ms CreateObjectMapping: 0.049000 ms MarkObjects: 1.525700 ms  DeleteObjects: 0.059700 ms)

========================================================================
Received Prepare
Registering precompiled user dll's ...
Registered in 0.000572 seconds.
Begin MonoManager ReloadAssembly
Native extension for LinuxStandalone target not found
Native extension for WindowsStandalone target not found
Native extension for WebGL target not found
Refreshing native plugins compatible for Editor in 0.22 ms, found 0 plugins.
Preloading 0 native plugins for Editor in 0.00 ms.
Invoked RoslynAnalysisRunner static constructor.
RoslynAnalysisRunner will not be running.
RoslynAnalysisRunner has terminated.
Mono: successfully reloaded assembly
- Completed reload, in  1.268 seconds
Platform modules already initialized, skipping
Refreshing native plugins compatible for Editor in 0.28 ms, found 0 plugins.
Preloading 0 native plugins for Editor in 0.00 ms.
Unloading 1101 Unused Serialized files (Serialized files now loaded: 0)
System memory in use before: 62.1 MB.
System memory in use after: 62.2 MB.

Unloading 5 unused Assets to reduce memory usage. Loaded Objects now: 1633.
Total: 2.099100 ms (FindLiveObjects: 0.167400 ms CreateObjectMapping: 0.054700 ms MarkObjects: 1.815900 ms  DeleteObjects: 0.059300 ms)

========================================================================
Received Prepare
Registering precompiled user dll's ...
Registered in 0.000604 seconds.
Begin MonoManager ReloadAssembly
Native extension for LinuxStandalone target not found
Native extension for WindowsStandalone target not found
Native extension for WebGL target not found
Refreshing native plugins compatible for Editor in 0.23 ms, found 0 plugins.
Preloading 0 native plugins for Editor in 0.00 ms.
Invoked RoslynAnalysisRunner static constructor.
RoslynAnalysisRunner will not be running.
RoslynAnalysisRunner has terminated.
Mono: successfully reloaded assembly
- Completed reload, in  1.251 seconds
Platform modules already initialized, skipping
Refreshing native plugins compatible for Editor in 0.21 ms, found 0 plugins.
Preloading 0 native plugins for Editor in 0.00 ms.
Unloading 1101 Unused Serialized files (Serialized files now loaded: 0)
System memory in use before: 61.3 MB.
System memory in use after: 61.3 MB.

Unloading 5 unused Assets to reduce memory usage. Loaded Objects now: 1635.
Total: 2.129400 ms (FindLiveObjects: 0.497100 ms CreateObjectMapping: 0.056300 ms MarkObjects: 1.516300 ms  DeleteObjects: 0.058400 ms)

========================================================================
Received Prepare
Registering precompiled user dll's ...
Registered in 0.000708 seconds.
Begin MonoManager ReloadAssembly
Native extension for LinuxStandalone target not found
Native extension for WindowsStandalone target not found
Native extension for WebGL target not found
Refreshing native plugins compatible for Editor in 0.22 ms, found 0 plugins.
Preloading 0 native plugins for Editor in 0.00 ms.
Invoked RoslynAnalysisRunner static constructor.
RoslynAnalysisRunner will not be running.
RoslynAnalysisRunner has terminated.
Mono: successfully reloaded assembly
- Completed reload, in  1.262 seconds
Platform modules already initialized, skipping
Refreshing native plugins compatible for Editor in 0.22 ms, found 0 plugins.
Preloading 0 native plugins for Editor in 0.00 ms.
Unloading 1101 Unused Serialized files (Serialized files now loaded: 0)
System memory in use before: 61.3 MB.
System memory in use after: 61.4 MB.

Unloading 5 unused Assets to reduce memory usage. Loaded Objects now: 1637.
Total: 2.564300 ms (FindLiveObjects: 0.390200 ms CreateObjectMapping: 0.154700 ms MarkObjects: 1.948200 ms  DeleteObjects: 0.069500 ms)

========================================================================
Received Prepare
Registering precompiled user dll's ...
Registered in 0.000639 seconds.
Begin MonoManager ReloadAssembly
Native extension for LinuxStandalone target not found
Native extension for WindowsStandalone target not found
Native extension for WebGL target not found
Refreshing native plugins compatible for Editor in 0.43 ms, found 0 plugins.
Preloading 0 native plugins for Editor in 0.00 ms.
Invoked RoslynAnalysisRunner static constructor.
RoslynAnalysisRunner will not be running.
RoslynAnalysisRunner has terminated.
Mono: successfully reloaded assembly
- Completed reload, in  1.254 seconds
Platform modules already initialized, skipping
Refreshing native plugins compatible for Editor in 0.22 ms, found 0 plugins.
Preloading 0 native plugins for Editor in 0.00 ms.
Unloading 1101 Unused Serialized files (Serialized files now loaded: 0)
System memory in use before: 61.4 MB.
System memory in use after: 61.5 MB.

Unloading 5 unused Assets to reduce memory usage. Loaded Objects now: 1639.
Total: 1.849800 ms (FindLiveObjects: 0.200400 ms CreateObjectMapping: 0.050700 ms MarkObjects: 1.538700 ms  DeleteObjects: 0.058500 ms)

========================================================================
Received Prepare
Registering precompiled user dll's ...
Registered in 0.000799 seconds.
Begin MonoManager ReloadAssembly
Native extension for LinuxStandalone target not found
Native extension for WindowsStandalone target not found
Native extension for WebGL target not found
Refreshing native plugins compatible for Editor in 0.31 ms, found 0 plugins.
Preloading 0 native plugins for Editor in 0.00 ms.
Invoked RoslynAnalysisRunner static constructor.
RoslynAnalysisRunner will not be running.
RoslynAnalysisRunner has terminated.
Mono: successfully reloaded assembly
- Completed reload, in  1.147 seconds
Platform modules already initialized, skipping
Refreshing native plugins compatible for Editor in 0.22 ms, found 0 plugins.
Preloading 0 native plugins for Editor in 0.00 ms.
Unloading 1101 Unused Serialized files (Serialized files now loaded: 0)
System memory in use before: 61.5 MB.
System memory in use after: 61.6 MB.

Unloading 5 unused Assets to reduce memory usage. Loaded Objects now: 1641.
Total: 1.988900 ms (FindLiveObjects: 0.211900 ms CreateObjectMapping: 0.094500 ms MarkObjects: 1.622800 ms  DeleteObjects: 0.058200 ms)

========================================================================
Received Prepare
Registering precompiled user dll's ...
Registered in 0.000594 seconds.
Begin MonoManager ReloadAssembly
Native extension for LinuxStandalone target not found
Native extension for WindowsStandalone target not found
Native extension for WebGL target not found
Refreshing native plugins compatible for Editor in 0.22 ms, found 0 plugins.
Preloading 0 native plugins for Editor in 0.00 ms.
Invoked RoslynAnalysisRunner static constructor.
RoslynAnalysisRunner will not be running.
RoslynAnalysisRunner has terminated.
Mono: successfully reloaded assembly
- Completed reload, in  1.096 seconds
Platform modules already initialized, skipping
Refreshing native plugins compatible for Editor in 0.31 ms, found 0 plugins.
Preloading 0 native plugins for Editor in 0.00 ms.
Unloading 1101 Unused Serialized files (Serialized files now loaded: 0)
System memory in use before: 61.6 MB.
System memory in use after: 61.7 MB.

Unloading 5 unused Assets to reduce memory usage. Loaded Objects now: 1643.
Total: 1.703000 ms (FindLiveObjects: 0.157700 ms CreateObjectMapping: 0.047700 ms MarkObjects: 1.441300 ms  DeleteObjects: 0.055100 ms)

========================================================================
Received Prepare
Registering precompiled user dll's ...
Registered in 0.000733 seconds.
Begin MonoManager ReloadAssembly
Native extension for LinuxStandalone target not found
Native extension for WindowsStandalone target not found
Native extension for WebGL target not found
Refreshing native plugins compatible for Editor in 0.23 ms, found 0 plugins.
Preloading 0 native plugins for Editor in 0.00 ms.
Invoked RoslynAnalysisRunner static constructor.
RoslynAnalysisRunner will not be running.
RoslynAnalysisRunner has terminated.
Mono: successfully reloaded assembly
- Completed reload, in  1.201 seconds
Platform modules already initialized, skipping
Refreshing native plugins compatible for Editor in 0.22 ms, found 0 plugins.
Preloading 0 native plugins for Editor in 0.00 ms.
Unloading 1101 Unused Serialized files (Serialized files now loaded: 0)
System memory in use before: 61.7 MB.
System memory in use after: 61.8 MB.

Unloading 5 unused Assets to reduce memory usage. Loaded Objects now: 1645.
Total: 1.736500 ms (FindLiveObjects: 0.145900 ms CreateObjectMapping: 0.048200 ms MarkObjects: 1.483000 ms  DeleteObjects: 0.057800 ms)

========================================================================
Received Prepare
Registering precompiled user dll's ...
Registered in 0.000536 seconds.
Begin MonoManager ReloadAssembly
Native extension for LinuxStandalone target not found
Native extension for WindowsStandalone target not found
Native extension for WebGL target not found
Refreshing native plugins compatible for Editor in 0.22 ms, found 0 plugins.
Preloading 0 native plugins for Editor in 0.00 ms.
Invoked RoslynAnalysisRunner static constructor.
RoslynAnalysisRunner will not be running.
RoslynAnalysisRunner has terminated.
Mono: successfully reloaded assembly
- Completed reload, in  1.195 seconds
Platform modules already initialized, skipping
Refreshing native plugins compatible for Editor in 0.22 ms, found 0 plugins.
Preloading 0 native plugins for Editor in 0.00 ms.
Unloading 1101 Unused Serialized files (Serialized files now loaded: 0)
System memory in use before: 61.8 MB.
System memory in use after: 61.9 MB.

Unloading 5 unused Assets to reduce memory usage. Loaded Objects now: 1647.
Total: 1.819400 ms (FindLiveObjects: 0.194100 ms CreateObjectMapping: 0.051600 ms MarkObjects: 1.508500 ms  DeleteObjects: 0.063300 ms)

========================================================================
Received Prepare
Registering precompiled user dll's ...
Registered in 0.000561 seconds.
Begin MonoManager ReloadAssembly
Native extension for LinuxStandalone target not found
Native extension for WindowsStandalone target not found
Native extension for WebGL target not found
Refreshing native plugins compatible for Editor in 0.23 ms, found 0 plugins.
Preloading 0 native plugins for Editor in 0.00 ms.
Invoked RoslynAnalysisRunner static constructor.
RoslynAnalysisRunner will not be running.
RoslynAnalysisRunner has terminated.
Mono: successfully reloaded assembly
- Completed reload, in  1.130 seconds
Platform modules already initialized, skipping
Refreshing native plugins compatible for Editor in 0.22 ms, found 0 plugins.
Preloading 0 native plugins for Editor in 0.00 ms.
Unloading 1101 Unused Serialized files (Serialized files now loaded: 0)
System memory in use before: 61.9 MB.
System memory in use after: 62.0 MB.

Unloading 5 unused Assets to reduce memory usage. Loaded Objects now: 1649.
Total: 1.759900 ms (FindLiveObjects: 0.182300 ms CreateObjectMapping: 0.049500 ms MarkObjects: 1.469400 ms  DeleteObjects: 0.057200 ms)

========================================================================
Received Prepare
Registering precompiled user dll's ...
Registered in 0.000561 seconds.
Begin MonoManager ReloadAssembly
Native extension for LinuxStandalone target not found
Native extension for WindowsStandalone target not found
Native extension for WebGL target not found
Refreshing native plugins compatible for Editor in 0.33 ms, found 0 plugins.
Preloading 0 native plugins for Editor in 0.00 ms.
Invoked RoslynAnalysisRunner static constructor.
RoslynAnalysisRunner will not be running.
RoslynAnalysisRunner has terminated.
Mono: successfully reloaded assembly
- Completed reload, in  1.257 seconds
Platform modules already initialized, skipping
Refreshing native plugins compatible for Editor in 0.22 ms, found 0 plugins.
Preloading 0 native plugins for Editor in 0.00 ms.
Unloading 1101 Unused Serialized files (Serialized files now loaded: 0)
System memory in use before: 62.0 MB.
System memory in use after: 62.1 MB.

Unloading 5 unused Assets to reduce memory usage. Loaded Objects now: 1651.
Total: 3.980100 ms (FindLiveObjects: 0.391600 ms CreateObjectMapping: 0.083200 ms MarkObjects: 3.404900 ms  DeleteObjects: 0.097300 ms)

========================================================================
Received Prepare
Registering precompiled user dll's ...
Registered in 0.000611 seconds.
Begin MonoManager ReloadAssembly
Native extension for LinuxStandalone target not found
Native extension for WindowsStandalone target not found
Native extension for WebGL target not found
Refreshing native plugins compatible for Editor in 0.22 ms, found 0 plugins.
Preloading 0 native plugins for Editor in 0.00 ms.
Invoked RoslynAnalysisRunner static constructor.
RoslynAnalysisRunner will not be running.
RoslynAnalysisRunner has terminated.
Mono: successfully reloaded assembly
- Completed reload, in  1.343 seconds
Platform modules already initialized, skipping
Refreshing native plugins compatible for Editor in 0.22 ms, found 0 plugins.
Preloading 0 native plugins for Editor in 0.00 ms.
Unloading 1101 Unused Serialized files (Serialized files now loaded: 0)
System memory in use before: 62.1 MB.
System memory in use after: 62.2 MB.

Unloading 5 unused Assets to reduce memory usage. Loaded Objects now: 1653.
Total: 2.047600 ms (FindLiveObjects: 0.246000 ms CreateObjectMapping: 0.066900 ms MarkObjects: 1.664900 ms  DeleteObjects: 0.067500 ms)

========================================================================
Received Prepare
Registering precompiled user dll's ...
Registered in 0.000570 seconds.
Begin MonoManager ReloadAssembly
Native extension for LinuxStandalone target not found
Native extension for WindowsStandalone target not found
Native extension for WebGL target not found
Refreshing native plugins compatible for Editor in 0.22 ms, found 0 plugins.
Preloading 0 native plugins for Editor in 0.00 ms.
Invoked RoslynAnalysisRunner static constructor.
RoslynAnalysisRunner will not be running.
RoslynAnalysisRunner has terminated.
Mono: successfully reloaded assembly
- Completed reload, in  1.395 seconds
Platform modules already initialized, skipping
Refreshing native plugins compatible for Editor in 0.22 ms, found 0 plugins.
Preloading 0 native plugins for Editor in 0.00 ms.
Unloading 1101 Unused Serialized files (Serialized files now loaded: 0)
System memory in use before: 62.2 MB.
System memory in use after: 62.2 MB.

Unloading 5 unused Assets to reduce memory usage. Loaded Objects now: 1655.
Total: 1.867100 ms (FindLiveObjects: 0.382600 ms CreateObjectMapping: 0.052400 ms MarkObjects: 1.373100 ms  DeleteObjects: 0.057700 ms)

========================================================================
Received Import Request.
  Time since last request: 3970.435912 seconds.
  path: Assets/Task03.cs
  artifactKey: Guid(56e4c1012ae7e4a47be1c3aa10ac2cb3) Importer(815301076,1909f56bfc062723c751e8b465ee728b)
Start importing Assets/Task03.cs using Guid(56e4c1012ae7e4a47be1c3aa10ac2cb3) Importer(815301076,1909f56bfc062723c751e8b465ee728b)  -> (artifact id: 'dba7aa87c01887ab5551f2f4d9d248ab') in 0.035181 seconds
  Import took 0.047885 seconds .

========================================================================
Received Prepare
Registering precompiled user dll's ...
Registered in 0.000653 seconds.
Begin MonoManager ReloadAssembly
Native extension for LinuxStandalone target not found
Native extension for WindowsStandalone target not found
Native extension for WebGL target not found
Refreshing native plugins compatible for Editor in 0.30 ms, found 0 plugins.
Preloading 0 native plugins for Editor in 0.00 ms.
Invoked RoslynAnalysisRunner static constructor.
RoslynAnalysisRunner will not be running.
RoslynAnalysisRunner has terminated.
Mono: successfully reloaded assembly
- Completed reload, in  1.569 seconds
Platform modules already initialized, skipping
Refreshing native plugins compatible for Editor in 0.27 ms, found 0 plugins.
Preloading 0 native plugins for Editor in 0.00 ms.
Unloading 1102 Unused Serialized files (Serialized files now loaded: 0)
System memory in use before: 61.3 MB.
System memory in use after: 61.4 MB.

Unloading 5 unused Assets to reduce memory usage. Loaded Objects now: 1658.
Total: 2.075800 ms (FindLiveObjects: 0.280800 ms CreateObjectMapping: 0.069500 ms MarkObjects: 1.665200 ms  DeleteObjects: 0.058900 ms)

========================================================================
Received Prepare
Registering precompiled user dll's ...
Registered in 0.001023 seconds.
Begin MonoManager ReloadAssembly
Native extension for LinuxStandalone target not found
Native extension for WindowsStandalone target not found
Native extension for WebGL target not found
Refreshing native plugins compatible for Editor in 0.22 ms, found 0 plugins.
Preloading 0 native plugins for Editor in 0.00 ms.
Invoked RoslynAnalysisRunner static constructor.
RoslynAnalysisRunner will not be running.
RoslynAnalysisRunner has terminated.
Mono: successfully reloaded assembly
- Completed reload, in  1.041 seconds
Platform modules already initialized, skipping
Refreshing native plugins compatible for Editor in 0.23 ms, found 0 plugins.
Preloading 0 native plugins for Editor in 0.00 ms.
Unloading 1102 Unused Serialized files (Serialized files now loaded: 0)
System memory in use before: 61.4 MB.
System memory in use after: 61.5 MB.

Unloading 5 unused Assets to reduce memory usage. Loaded Objects now: 1660.
Total: 6.728600 ms (FindLiveObjects: 0.163300 ms CreateObjectMapping: 0.051700 ms MarkObjects: 6.394300 ms  DeleteObjects: 0.117400 ms)

========================================================================
Received Import Request.
  Time since last request: 502.196000 seconds.
  path: Assets/Task03.cs
  artifactKey: Guid(56e4c1012ae7e4a47be1c3aa10ac2cb3) Importer(815301076,1909f56bfc062723c751e8b465ee728b)
Start importing Assets/Task03.cs using Guid(56e4c1012ae7e4a47be1c3aa10ac2cb3) Importer(815301076,1909f56bfc062723c751e8b465ee728b)  -> (artifact id: '8611846dd2e24afe209165687c835ff5') in 0.009480 seconds
  Import took 0.011530 seconds .

========================================================================
Received Prepare
Registering precompiled user dll's ...
Registered in 0.000584 seconds.
Begin MonoManager ReloadAssembly
Native extension for LinuxStandalone target not found
Native extension for WindowsStandalone target not found
Native extension for WebGL target not found
Refreshing native plugins compatible for Editor in 0.29 ms, found 0 plugins.
Preloading 0 native plugins for Editor in 0.00 ms.
Invoked RoslynAnalysisRunner static constructor.
RoslynAnalysisRunner will not be running.
RoslynAnalysisRunner has terminated.
Mono: successfully reloaded assembly
- Completed reload, in  0.974 seconds
Platform modules already initialized, skipping
Refreshing native plugins compatible for Editor in 0.22 ms, found 0 plugins.
Preloading 0 native plugins for Editor in 0.00 ms.
Unloading 1102 Unused Serialized files (Serialized files now loaded: 0)
System memory in use before: 61.5 MB.
System memory in use after: 61.6 MB.

Unloading 5 unused Assets to reduce memory usage. Loaded Objects now: 1662.
Total: 1.838900 ms (FindLiveObjects: 0.204000 ms CreateObjectMapping: 0.182700 ms MarkObjects: 1.391600 ms  DeleteObjects: 0.059000 ms)

========================================================================
Received Import Request.
  Time since last request: 528.949318 seconds.
  path: Assets/Task03.cs
  artifactKey: Guid(56e4c1012ae7e4a47be1c3aa10ac2cb3) Importer(815301076,1909f56bfc062723c751e8b465ee728b)
Start importing Assets/Task03.cs using Guid(56e4c1012ae7e4a47be1c3aa10ac2cb3) Importer(815301076,1909f56bfc062723c751e8b465ee728b)  -> (artifact id: '2b56a7004d74e7ddf2414d49c01c9b48') in 0.005063 seconds
  Import took 0.008537 seconds .

========================================================================
Received Prepare
Registering precompiled user dll's ...
Registered in 0.000988 seconds.
Begin MonoManager ReloadAssembly
Native extension for LinuxStandalone target not found
Native extension for WindowsStandalone target not found
Native extension for WebGL target not found
Refreshing native plugins compatible for Editor in 0.28 ms, found 0 plugins.
Preloading 0 native plugins for Editor in 0.00 ms.
Invoked RoslynAnalysisRunner static constructor.
RoslynAnalysisRunner will not be running.
RoslynAnalysisRunner has terminated.
Mono: successfully reloaded assembly
- Completed reload, in  2.750 seconds
Platform modules already initialized, skipping
Refreshing native plugins compatible for Editor in 0.22 ms, found 0 plugins.
Preloading 0 native plugins for Editor in 0.00 ms.
Unloading 1102 Unused Serialized files (Serialized files now loaded: 0)
System memory in use before: 61.6 MB.
System memory in use after: 61.7 MB.

Unloading 5 unused Assets to reduce memory usage. Loaded Objects now: 1664.
Total: 1.747200 ms (FindLiveObjects: 0.195300 ms CreateObjectMapping: 0.053700 ms MarkObjects: 1.434900 ms  DeleteObjects: 0.061500 ms)

========================================================================
Received Import Request.
  Time since last request: 359.913541 seconds.
  path: Assets/Task03.cs
  artifactKey: Guid(56e4c1012ae7e4a47be1c3aa10ac2cb3) Importer(815301076,1909f56bfc062723c751e8b465ee728b)
Start importing Assets/Task03.cs using Guid(56e4c1012ae7e4a47be1c3aa10ac2cb3) Importer(815301076,1909f56bfc062723c751e8b465ee728b)  -> (artifact id: 'c4cd681ae4243d234e2b83428bc24353') in 0.004811 seconds
  Import took 0.023781 seconds .

========================================================================
Received Import Request.
  Time since last request: 111.157185 seconds.
  path: Assets/New Folder
  artifactKey: Guid(2218e60c01a5bb94fbfbae8c3e651e5c) Importer(815301076,1909f56bfc062723c751e8b465ee728b)
Start importing Assets/New Folder using Guid(2218e60c01a5bb94fbfbae8c3e651e5c) Importer(815301076,1909f56bfc062723c751e8b465ee728b)  -> (artifact id: '8c280804b7dec6edc626e3c95177a7bd') in 0.012069 seconds
  Import took 0.014098 seconds .

========================================================================
Received Import Request.
  Time since last request: 0.001336 seconds.
  path: Assets/New Folder
  artifactKey: Guid(2218e60c01a5bb94fbfbae8c3e651e5c) Importer(815301076,1909f56bfc062723c751e8b465ee728b)
Start importing Assets/New Folder using Guid(2218e60c01a5bb94fbfbae8c3e651e5c) Importer(815301076,1909f56bfc062723c751e8b465ee728b)  -> (artifact id: '8c280804b7dec6edc626e3c95177a7bd') in 0.005015 seconds
  Import took 0.007284 seconds .

AssetImportWorkerClient::OnTransportError - code=2 error=End of file
